24-01-2021 14:41:44.201 INFO  [restartedMain] com.example.student_manager.StudentManagerApplication - Starting StudentManagerApplication using Java 1.8.0_275 on bvnam-GF63-8RD with PID 5208 (/home/bvnam/Documents/student_manager/build/classes/java/main started by bvnam in /home/bvnam/Documents/student_manager)
24-01-2021 14:41:44.205 INFO  [restartedMain] com.example.student_manager.StudentManagerApplication - No active profile set, falling back to default profiles: default
24-01-2021 14:41:44.234 INFO  [restartedMain] org.springframework.boot.devtools.env.DevToolsPropertyDefaultsPostProcessor - Devtools property defaults active! Set 'spring.devtools.add-properties' to 'false' to disable
24-01-2021 14:41:44.234 INFO  [restartedMain] org.springframework.boot.devtools.env.DevToolsPropertyDefaultsPostProcessor - For additional web related logging consider setting the 'logging.level.web' property to 'DEBUG'
24-01-2021 14:41:44.620 INFO  [restartedMain] org.springframework.data.repository.config.RepositoryConfigurationDelegate - Bootstrapping Spring Data JPA repositories in DEFAULT mode.
24-01-2021 14:41:44.655 INFO  [restartedMain] org.springframework.data.repository.config.RepositoryConfigurationDelegate - Finished Spring Data repository scanning in 28 ms. Found 2 JPA repository interfaces.
24-01-2021 14:41:44.984 INFO  [restartedMain] org.springframework.boot.web.embedded.tomcat.TomcatWebServer - Tomcat initialized with port(s): 8080 (http)
24-01-2021 14:41:44.989 INFO  [restartedMain] org.apache.catalina.core.StandardService - Starting service [Tomcat]
24-01-2021 14:41:44.989 INFO  [restartedMain] org.apache.catalina.core.StandardEngine - Starting Servlet engine: [Apache Tomcat/9.0.41]
24-01-2021 14:41:45.024 INFO  [restartedMain] org.apache.catalina.core.ContainerBase.[Tomcat].[localhost].[/] - Initializing Spring embedded WebApplicationContext
24-01-2021 14:41:45.024 INFO  [restartedMain] org.springframework.boot.web.servlet.context.ServletWebServerApplicationContext - Root WebApplicationContext: initialization completed in 790 ms
24-01-2021 14:41:45.119 INFO  [restartedMain] org.hibernate.jpa.internal.util.LogHelper - HHH000204: Processing PersistenceUnitInfo [name: default]
24-01-2021 14:41:45.147 INFO  [restartedMain] org.hibernate.Version - HHH000412: Hibernate ORM core version 5.4.27.Final
24-01-2021 14:41:45.218 INFO  [restartedMain] org.hibernate.annotations.common.Version - HCANN000001: Hibernate Commons Annotations {5.1.2.Final}
24-01-2021 14:41:45.325 INFO  [restartedMain] com.zaxxer.hikari.HikariDataSource - HikariPool-1 - Starting...
24-01-2021 14:41:45.542 INFO  [restartedMain] com.zaxxer.hikari.HikariDataSource - HikariPool-1 - Start completed.
24-01-2021 14:41:45.551 INFO  [restartedMain] org.hibernate.dialect.Dialect - HHH000400: Using dialect: org.hibernate.dialect.MySQL5Dialect
24-01-2021 14:41:45.958 INFO  [restartedMain] org.hibernate.engine.transaction.jta.platform.internal.JtaPlatformInitiator - HHH000490: Using JtaPlatform implementation: [org.hibernate.engine.transaction.jta.platform.internal.NoJtaPlatform]
24-01-2021 14:41:45.975 INFO  [restartedMain] org.springframework.orm.jpa.LocalContainerEntityManagerFactoryBean - Initialized JPA EntityManagerFactory for persistence unit 'default'
24-01-2021 14:41:46.007 INFO  [restartedMain] org.springframework.boot.devtools.autoconfigure.OptionalLiveReloadServer - LiveReload server is running on port 35729
24-01-2021 14:41:46.295 WARN  [restartedMain] org.springframework.boot.autoconfigure.orm.jpa.JpaBaseConfiguration$JpaWebConfiguration - spring.jpa.open-in-view is enabled by default. Therefore, database queries may be performed during view rendering. Explicitly configure spring.jpa.open-in-view to disable this warning
24-01-2021 14:41:46.366 INFO  [restartedMain] org.springframework.scheduling.concurrent.ThreadPoolTaskExecutor - Initializing ExecutorService 'applicationTaskExecutor'
24-01-2021 14:41:46.511 INFO  [restartedMain] org.springframework.boot.web.embedded.tomcat.TomcatWebServer - Tomcat started on port(s): 8080 (http) with context path ''
24-01-2021 14:41:46.517 INFO  [restartedMain] com.example.student_manager.StudentManagerApplication - Started StudentManagerApplication in 2.565 seconds (JVM running for 2.973)
24-01-2021 14:41:52.424 INFO  [http-nio-8080-exec-2] org.apache.catalina.core.ContainerBase.[Tomcat].[localhost].[/] - Initializing Spring DispatcherServlet 'dispatcherServlet'
24-01-2021 14:41:52.424 INFO  [http-nio-8080-exec-2] org.springframework.web.servlet.DispatcherServlet - Initializing Servlet 'dispatcherServlet'
24-01-2021 14:41:52.425 INFO  [http-nio-8080-exec-2] org.springframework.web.servlet.DispatcherServlet - Completed initialization in 1 ms
24-01-2021 14:42:51.240 INFO  [SpringContextShutdownHook] org.springframework.scheduling.concurrent.ThreadPoolTaskExecutor - Shutting down ExecutorService 'applicationTaskExecutor'
24-01-2021 14:42:51.240 INFO  [SpringContextShutdownHook] org.springframework.orm.jpa.LocalContainerEntityManagerFactoryBean - Closing JPA EntityManagerFactory for persistence unit 'default'
24-01-2021 14:42:51.243 INFO  [SpringContextShutdownHook] com.zaxxer.hikari.HikariDataSource - HikariPool-1 - Shutdown initiated...
24-01-2021 14:42:51.246 INFO  [SpringContextShutdownHook] com.zaxxer.hikari.HikariDataSource - HikariPool-1 - Shutdown completed.
24-01-2021 14:42:53.169 INFO  [restartedMain] com.example.student_manager.StudentManagerApplication - Starting StudentManagerApplication using Java 1.8.0_275 on bvnam-GF63-8RD with PID 5391 (/home/bvnam/Documents/student_manager/build/classes/java/main started by bvnam in /home/bvnam/Documents/student_manager)
24-01-2021 14:42:53.170 INFO  [restartedMain] com.example.student_manager.StudentManagerApplication - No active profile set, falling back to default profiles: default
24-01-2021 14:42:53.194 INFO  [restartedMain] org.springframework.boot.devtools.env.DevToolsPropertyDefaultsPostProcessor - Devtools property defaults active! Set 'spring.devtools.add-properties' to 'false' to disable
24-01-2021 14:42:53.194 INFO  [restartedMain] org.springframework.boot.devtools.env.DevToolsPropertyDefaultsPostProcessor - For additional web related logging consider setting the 'logging.level.web' property to 'DEBUG'
24-01-2021 14:42:53.559 INFO  [restartedMain] org.springframework.data.repository.config.RepositoryConfigurationDelegate - Bootstrapping Spring Data JPA repositories in DEFAULT mode.
24-01-2021 14:42:53.591 INFO  [restartedMain] org.springframework.data.repository.config.RepositoryConfigurationDelegate - Finished Spring Data repository scanning in 27 ms. Found 2 JPA repository interfaces.
24-01-2021 14:42:53.883 INFO  [restartedMain] org.springframework.boot.web.embedded.tomcat.TomcatWebServer - Tomcat initialized with port(s): 8080 (http)
24-01-2021 14:42:53.888 INFO  [restartedMain] org.apache.catalina.core.StandardService - Starting service [Tomcat]
24-01-2021 14:42:53.888 INFO  [restartedMain] org.apache.catalina.core.StandardEngine - Starting Servlet engine: [Apache Tomcat/9.0.41]
24-01-2021 14:42:53.920 INFO  [restartedMain] org.apache.catalina.core.ContainerBase.[Tomcat].[localhost].[/] - Initializing Spring embedded WebApplicationContext
24-01-2021 14:42:53.920 INFO  [restartedMain] org.springframework.boot.web.servlet.context.ServletWebServerApplicationContext - Root WebApplicationContext: initialization completed in 725 ms
24-01-2021 14:42:53.999 INFO  [restartedMain] org.hibernate.jpa.internal.util.LogHelper - HHH000204: Processing PersistenceUnitInfo [name: default]
24-01-2021 14:42:54.020 INFO  [restartedMain] org.hibernate.Version - HHH000412: Hibernate ORM core version 5.4.27.Final
24-01-2021 14:42:54.133 INFO  [restartedMain] org.hibernate.annotations.common.Version - HCANN000001: Hibernate Commons Annotations {5.1.2.Final}
24-01-2021 14:42:54.180 INFO  [restartedMain] com.zaxxer.hikari.HikariDataSource - HikariPool-1 - Starting...
24-01-2021 14:42:54.346 INFO  [restartedMain] com.zaxxer.hikari.HikariDataSource - HikariPool-1 - Start completed.
24-01-2021 14:42:54.353 INFO  [restartedMain] org.hibernate.dialect.Dialect - HHH000400: Using dialect: org.hibernate.dialect.MySQL5Dialect
24-01-2021 14:42:54.722 INFO  [restartedMain] org.hibernate.engine.transaction.jta.platform.internal.JtaPlatformInitiator - HHH000490: Using JtaPlatform implementation: [org.hibernate.engine.transaction.jta.platform.internal.NoJtaPlatform]
24-01-2021 14:42:54.739 INFO  [restartedMain] org.springframework.orm.jpa.LocalContainerEntityManagerFactoryBean - Initialized JPA EntityManagerFactory for persistence unit 'default'
24-01-2021 14:42:54.768 INFO  [restartedMain] org.springframework.boot.devtools.autoconfigure.OptionalLiveReloadServer - LiveReload server is running on port 35729
24-01-2021 14:42:55.020 WARN  [restartedMain] org.springframework.boot.autoconfigure.orm.jpa.JpaBaseConfiguration$JpaWebConfiguration - spring.jpa.open-in-view is enabled by default. Therefore, database queries may be performed during view rendering. Explicitly configure spring.jpa.open-in-view to disable this warning
24-01-2021 14:42:55.083 INFO  [restartedMain] org.springframework.scheduling.concurrent.ThreadPoolTaskExecutor - Initializing ExecutorService 'applicationTaskExecutor'
24-01-2021 14:42:55.212 INFO  [restartedMain] org.springframework.boot.web.embedded.tomcat.TomcatWebServer - Tomcat started on port(s): 8080 (http) with context path ''
24-01-2021 14:42:55.219 INFO  [restartedMain] com.example.student_manager.StudentManagerApplication - Started StudentManagerApplication in 2.282 seconds (JVM running for 2.798)
24-01-2021 14:42:58.965 INFO  [http-nio-8080-exec-2] org.apache.catalina.core.ContainerBase.[Tomcat].[localhost].[/] - Initializing Spring DispatcherServlet 'dispatcherServlet'
24-01-2021 14:42:58.965 INFO  [http-nio-8080-exec-2] org.springframework.web.servlet.DispatcherServlet - Initializing Servlet 'dispatcherServlet'
24-01-2021 14:42:58.966 INFO  [http-nio-8080-exec-2] org.springframework.web.servlet.DispatcherServlet - Completed initialization in 1 ms
24-01-2021 14:45:25.271 INFO  [SpringContextShutdownHook] org.springframework.scheduling.concurrent.ThreadPoolTaskExecutor - Shutting down ExecutorService 'applicationTaskExecutor'
24-01-2021 14:45:25.272 INFO  [SpringContextShutdownHook] org.springframework.orm.jpa.LocalContainerEntityManagerFactoryBean - Closing JPA EntityManagerFactory for persistence unit 'default'
24-01-2021 14:45:25.276 INFO  [SpringContextShutdownHook] com.zaxxer.hikari.HikariDataSource - HikariPool-1 - Shutdown initiated...
24-01-2021 14:45:25.280 INFO  [SpringContextShutdownHook] com.zaxxer.hikari.HikariDataSource - HikariPool-1 - Shutdown completed.
24-01-2021 14:45:27.850 INFO  [restartedMain] com.example.student_manager.StudentManagerApplication - Starting StudentManagerApplication using Java 1.8.0_275 on bvnam-GF63-8RD with PID 5564 (/home/bvnam/Documents/student_manager/build/classes/java/main started by bvnam in /home/bvnam/Documents/student_manager)
24-01-2021 14:45:27.852 INFO  [restartedMain] com.example.student_manager.StudentManagerApplication - No active profile set, falling back to default profiles: default
24-01-2021 14:45:27.886 INFO  [restartedMain] org.springframework.boot.devtools.env.DevToolsPropertyDefaultsPostProcessor - Devtools property defaults active! Set 'spring.devtools.add-properties' to 'false' to disable
24-01-2021 14:45:27.886 INFO  [restartedMain] org.springframework.boot.devtools.env.DevToolsPropertyDefaultsPostProcessor - For additional web related logging consider setting the 'logging.level.web' property to 'DEBUG'
24-01-2021 14:45:28.320 INFO  [restartedMain] org.springframework.data.repository.config.RepositoryConfigurationDelegate - Bootstrapping Spring Data JPA repositories in DEFAULT mode.
24-01-2021 14:45:28.361 INFO  [restartedMain] org.springframework.data.repository.config.RepositoryConfigurationDelegate - Finished Spring Data repository scanning in 34 ms. Found 2 JPA repository interfaces.
24-01-2021 14:45:28.711 INFO  [restartedMain] org.springframework.boot.web.embedded.tomcat.TomcatWebServer - Tomcat initialized with port(s): 8080 (http)
24-01-2021 14:45:28.717 INFO  [restartedMain] org.apache.catalina.core.StandardService - Starting service [Tomcat]
24-01-2021 14:45:28.717 INFO  [restartedMain] org.apache.catalina.core.StandardEngine - Starting Servlet engine: [Apache Tomcat/9.0.41]
24-01-2021 14:45:28.759 INFO  [restartedMain] org.apache.catalina.core.ContainerBase.[Tomcat].[localhost].[/] - Initializing Spring embedded WebApplicationContext
24-01-2021 14:45:28.759 INFO  [restartedMain] org.springframework.boot.web.servlet.context.ServletWebServerApplicationContext - Root WebApplicationContext: initialization completed in 872 ms
24-01-2021 14:45:28.867 INFO  [restartedMain] org.hibernate.jpa.internal.util.LogHelper - HHH000204: Processing PersistenceUnitInfo [name: default]
24-01-2021 14:45:28.899 INFO  [restartedMain] org.hibernate.Version - HHH000412: Hibernate ORM core version 5.4.27.Final
24-01-2021 14:45:29.033 INFO  [restartedMain] org.hibernate.annotations.common.Version - HCANN000001: Hibernate Commons Annotations {5.1.2.Final}
24-01-2021 14:45:29.095 INFO  [restartedMain] com.zaxxer.hikari.HikariDataSource - HikariPool-1 - Starting...
24-01-2021 14:45:29.303 INFO  [restartedMain] com.zaxxer.hikari.HikariDataSource - HikariPool-1 - Start completed.
24-01-2021 14:45:29.311 INFO  [restartedMain] org.hibernate.dialect.Dialect - HHH000400: Using dialect: org.hibernate.dialect.MySQL5Dialect
24-01-2021 14:45:29.792 INFO  [restartedMain] org.hibernate.engine.transaction.jta.platform.internal.JtaPlatformInitiator - HHH000490: Using JtaPlatform implementation: [org.hibernate.engine.transaction.jta.platform.internal.NoJtaPlatform]
24-01-2021 14:45:29.798 INFO  [restartedMain] org.springframework.orm.jpa.LocalContainerEntityManagerFactoryBean - Initialized JPA EntityManagerFactory for persistence unit 'default'
24-01-2021 14:45:29.819 INFO  [restartedMain] org.springframework.boot.devtools.autoconfigure.OptionalLiveReloadServer - LiveReload server is running on port 35729
24-01-2021 14:45:30.177 WARN  [restartedMain] org.springframework.boot.autoconfigure.orm.jpa.JpaBaseConfiguration$JpaWebConfiguration - spring.jpa.open-in-view is enabled by default. Therefore, database queries may be performed during view rendering. Explicitly configure spring.jpa.open-in-view to disable this warning
24-01-2021 14:45:30.256 INFO  [restartedMain] org.springframework.scheduling.concurrent.ThreadPoolTaskExecutor - Initializing ExecutorService 'applicationTaskExecutor'
24-01-2021 14:45:30.395 INFO  [restartedMain] org.springframework.boot.web.embedded.tomcat.TomcatWebServer - Tomcat started on port(s): 8080 (http) with context path ''
24-01-2021 14:45:30.404 INFO  [restartedMain] com.example.student_manager.StudentManagerApplication - Started StudentManagerApplication in 2.823 seconds (JVM running for 4.053)
24-01-2021 14:45:34.305 INFO  [http-nio-8080-exec-2] org.apache.catalina.core.ContainerBase.[Tomcat].[localhost].[/] - Initializing Spring DispatcherServlet 'dispatcherServlet'
24-01-2021 14:45:34.305 INFO  [http-nio-8080-exec-2] org.springframework.web.servlet.DispatcherServlet - Initializing Servlet 'dispatcherServlet'
24-01-2021 14:45:34.306 INFO  [http-nio-8080-exec-2] org.springframework.web.servlet.DispatcherServlet - Completed initialization in 1 ms
24-01-2021 14:46:57.300 WARN  [HikariPool-1 housekeeper] com.zaxxer.hikari.pool.HikariPool - HikariPool-1 - Thread starvation or clock leap detected (housekeeper delta=1m6s881ms811µs589ns).
24-01-2021 14:48:07.280 WARN  [HikariPool-1 housekeeper] com.zaxxer.hikari.pool.HikariPool - HikariPool-1 - Thread starvation or clock leap detected (housekeeper delta=1m30s995ms513µs847ns).
24-01-2021 14:48:07.431 INFO  [SpringContextShutdownHook] org.springframework.scheduling.concurrent.ThreadPoolTaskExecutor - Shutting down ExecutorService 'applicationTaskExecutor'
24-01-2021 14:48:07.435 INFO  [SpringContextShutdownHook] org.springframework.orm.jpa.LocalContainerEntityManagerFactoryBean - Closing JPA EntityManagerFactory for persistence unit 'default'
24-01-2021 14:48:07.447 INFO  [SpringContextShutdownHook] com.zaxxer.hikari.HikariDataSource - HikariPool-1 - Shutdown initiated...
24-01-2021 14:48:07.455 INFO  [SpringContextShutdownHook] com.zaxxer.hikari.HikariDataSource - HikariPool-1 - Shutdown completed.
24-01-2021 14:48:09.290 INFO  [restartedMain] com.example.student_manager.StudentManagerApplication - Starting StudentManagerApplication using Java 1.8.0_275 on bvnam-GF63-8RD with PID 5780 (/home/bvnam/Documents/student_manager/build/classes/java/main started by bvnam in /home/bvnam/Documents/student_manager)
24-01-2021 14:48:09.291 INFO  [restartedMain] com.example.student_manager.StudentManagerApplication - No active profile set, falling back to default profiles: default
24-01-2021 14:48:09.316 INFO  [restartedMain] org.springframework.boot.devtools.env.DevToolsPropertyDefaultsPostProcessor - Devtools property defaults active! Set 'spring.devtools.add-properties' to 'false' to disable
24-01-2021 14:48:09.316 INFO  [restartedMain] org.springframework.boot.devtools.env.DevToolsPropertyDefaultsPostProcessor - For additional web related logging consider setting the 'logging.level.web' property to 'DEBUG'
24-01-2021 14:48:09.682 INFO  [restartedMain] org.springframework.data.repository.config.RepositoryConfigurationDelegate - Bootstrapping Spring Data JPA repositories in DEFAULT mode.
24-01-2021 14:48:09.720 INFO  [restartedMain] org.springframework.data.repository.config.RepositoryConfigurationDelegate - Finished Spring Data repository scanning in 32 ms. Found 2 JPA repository interfaces.
24-01-2021 14:48:10.017 INFO  [restartedMain] org.springframework.boot.web.embedded.tomcat.TomcatWebServer - Tomcat initialized with port(s): 8080 (http)
24-01-2021 14:48:10.021 INFO  [restartedMain] org.apache.catalina.core.StandardService - Starting service [Tomcat]
24-01-2021 14:48:10.022 INFO  [restartedMain] org.apache.catalina.core.StandardEngine - Starting Servlet engine: [Apache Tomcat/9.0.41]
24-01-2021 14:48:10.053 INFO  [restartedMain] org.apache.catalina.core.ContainerBase.[Tomcat].[localhost].[/] - Initializing Spring embedded WebApplicationContext
24-01-2021 14:48:10.053 INFO  [restartedMain] org.springframework.boot.web.servlet.context.ServletWebServerApplicationContext - Root WebApplicationContext: initialization completed in 737 ms
24-01-2021 14:48:10.133 INFO  [restartedMain] org.hibernate.jpa.internal.util.LogHelper - HHH000204: Processing PersistenceUnitInfo [name: default]
24-01-2021 14:48:10.153 INFO  [restartedMain] org.hibernate.Version - HHH000412: Hibernate ORM core version 5.4.27.Final
24-01-2021 14:48:10.252 INFO  [restartedMain] org.hibernate.annotations.common.Version - HCANN000001: Hibernate Commons Annotations {5.1.2.Final}
24-01-2021 14:48:10.298 INFO  [restartedMain] com.zaxxer.hikari.HikariDataSource - HikariPool-1 - Starting...
24-01-2021 14:48:10.465 INFO  [restartedMain] com.zaxxer.hikari.HikariDataSource - HikariPool-1 - Start completed.
24-01-2021 14:48:10.472 INFO  [restartedMain] org.hibernate.dialect.Dialect - HHH000400: Using dialect: org.hibernate.dialect.MySQL5Dialect
24-01-2021 14:48:10.865 INFO  [restartedMain] org.hibernate.engine.transaction.jta.platform.internal.JtaPlatformInitiator - HHH000490: Using JtaPlatform implementation: [org.hibernate.engine.transaction.jta.platform.internal.NoJtaPlatform]
24-01-2021 14:48:10.881 INFO  [restartedMain] org.springframework.orm.jpa.LocalContainerEntityManagerFactoryBean - Initialized JPA EntityManagerFactory for persistence unit 'default'
24-01-2021 14:48:10.911 INFO  [restartedMain] org.springframework.boot.devtools.autoconfigure.OptionalLiveReloadServer - LiveReload server is running on port 35729
24-01-2021 14:48:11.153 WARN  [restartedMain] org.springframework.boot.autoconfigure.orm.jpa.JpaBaseConfiguration$JpaWebConfiguration - spring.jpa.open-in-view is enabled by default. Therefore, database queries may be performed during view rendering. Explicitly configure spring.jpa.open-in-view to disable this warning
24-01-2021 14:48:11.213 INFO  [restartedMain] org.springframework.scheduling.concurrent.ThreadPoolTaskExecutor - Initializing ExecutorService 'applicationTaskExecutor'
24-01-2021 14:48:11.342 INFO  [restartedMain] org.springframework.boot.web.embedded.tomcat.TomcatWebServer - Tomcat started on port(s): 8080 (http) with context path ''
24-01-2021 14:48:11.349 INFO  [restartedMain] com.example.student_manager.StudentManagerApplication - Started StudentManagerApplication in 2.28 seconds (JVM running for 2.738)
24-01-2021 14:48:34.654 INFO  [http-nio-8080-exec-2] org.apache.catalina.core.ContainerBase.[Tomcat].[localhost].[/] - Initializing Spring DispatcherServlet 'dispatcherServlet'
24-01-2021 14:48:34.654 INFO  [http-nio-8080-exec-2] org.springframework.web.servlet.DispatcherServlet - Initializing Servlet 'dispatcherServlet'
24-01-2021 14:48:34.655 INFO  [http-nio-8080-exec-2] org.springframework.web.servlet.DispatcherServlet - Completed initialization in 1 ms
24-01-2021 14:50:20.611 INFO  [SpringContextShutdownHook] org.springframework.scheduling.concurrent.ThreadPoolTaskExecutor - Shutting down ExecutorService 'applicationTaskExecutor'
24-01-2021 14:50:20.612 INFO  [SpringContextShutdownHook] org.springframework.orm.jpa.LocalContainerEntityManagerFactoryBean - Closing JPA EntityManagerFactory for persistence unit 'default'
24-01-2021 14:50:20.615 INFO  [SpringContextShutdownHook] com.zaxxer.hikari.HikariDataSource - HikariPool-1 - Shutdown initiated...
24-01-2021 14:50:20.618 INFO  [SpringContextShutdownHook] com.zaxxer.hikari.HikariDataSource - HikariPool-1 - Shutdown completed.
24-01-2021 14:50:22.162 INFO  [restartedMain] com.example.student_manager.StudentManagerApplication - Starting StudentManagerApplication using Java 1.8.0_275 on bvnam-GF63-8RD with PID 5962 (/home/bvnam/Documents/student_manager/build/classes/java/main started by bvnam in /home/bvnam/Documents/student_manager)
24-01-2021 14:50:22.164 INFO  [restartedMain] com.example.student_manager.StudentManagerApplication - No active profile set, falling back to default profiles: default
24-01-2021 14:50:22.200 INFO  [restartedMain] org.springframework.boot.devtools.env.DevToolsPropertyDefaultsPostProcessor - Devtools property defaults active! Set 'spring.devtools.add-properties' to 'false' to disable
24-01-2021 14:50:22.200 INFO  [restartedMain] org.springframework.boot.devtools.env.DevToolsPropertyDefaultsPostProcessor - For additional web related logging consider setting the 'logging.level.web' property to 'DEBUG'
24-01-2021 14:50:22.559 INFO  [restartedMain] org.springframework.data.repository.config.RepositoryConfigurationDelegate - Bootstrapping Spring Data JPA repositories in DEFAULT mode.
24-01-2021 14:50:22.591 INFO  [restartedMain] org.springframework.data.repository.config.RepositoryConfigurationDelegate - Finished Spring Data repository scanning in 27 ms. Found 2 JPA repository interfaces.
24-01-2021 14:50:22.906 INFO  [restartedMain] org.springframework.boot.web.embedded.tomcat.TomcatWebServer - Tomcat initialized with port(s): 8080 (http)
24-01-2021 14:50:22.911 INFO  [restartedMain] org.apache.catalina.core.StandardService - Starting service [Tomcat]
24-01-2021 14:50:22.911 INFO  [restartedMain] org.apache.catalina.core.StandardEngine - Starting Servlet engine: [Apache Tomcat/9.0.41]
24-01-2021 14:50:22.945 INFO  [restartedMain] org.apache.catalina.core.ContainerBase.[Tomcat].[localhost].[/] - Initializing Spring embedded WebApplicationContext
24-01-2021 14:50:22.945 INFO  [restartedMain] org.springframework.boot.web.servlet.context.ServletWebServerApplicationContext - Root WebApplicationContext: initialization completed in 745 ms
24-01-2021 14:50:23.024 INFO  [restartedMain] org.hibernate.jpa.internal.util.LogHelper - HHH000204: Processing PersistenceUnitInfo [name: default]
24-01-2021 14:50:23.044 INFO  [restartedMain] org.hibernate.Version - HHH000412: Hibernate ORM core version 5.4.27.Final
24-01-2021 14:50:23.143 INFO  [restartedMain] org.hibernate.annotations.common.Version - HCANN000001: Hibernate Commons Annotations {5.1.2.Final}
24-01-2021 14:50:23.191 INFO  [restartedMain] com.zaxxer.hikari.HikariDataSource - HikariPool-1 - Starting...
24-01-2021 14:50:23.360 INFO  [restartedMain] com.zaxxer.hikari.HikariDataSource - HikariPool-1 - Start completed.
24-01-2021 14:50:23.367 INFO  [restartedMain] org.hibernate.dialect.Dialect - HHH000400: Using dialect: org.hibernate.dialect.MySQL5Dialect
24-01-2021 14:50:23.746 INFO  [restartedMain] org.hibernate.engine.transaction.jta.platform.internal.JtaPlatformInitiator - HHH000490: Using JtaPlatform implementation: [org.hibernate.engine.transaction.jta.platform.internal.NoJtaPlatform]
24-01-2021 14:50:23.761 INFO  [restartedMain] org.springframework.orm.jpa.LocalContainerEntityManagerFactoryBean - Initialized JPA EntityManagerFactory for persistence unit 'default'
24-01-2021 14:50:23.788 INFO  [restartedMain] org.springframework.boot.devtools.autoconfigure.OptionalLiveReloadServer - LiveReload server is running on port 35729
24-01-2021 14:50:24.031 WARN  [restartedMain] org.springframework.boot.autoconfigure.orm.jpa.JpaBaseConfiguration$JpaWebConfiguration - spring.jpa.open-in-view is enabled by default. Therefore, database queries may be performed during view rendering. Explicitly configure spring.jpa.open-in-view to disable this warning
24-01-2021 14:50:24.090 INFO  [restartedMain] org.springframework.scheduling.concurrent.ThreadPoolTaskExecutor - Initializing ExecutorService 'applicationTaskExecutor'
24-01-2021 14:50:24.216 INFO  [restartedMain] org.springframework.boot.web.embedded.tomcat.TomcatWebServer - Tomcat started on port(s): 8080 (http) with context path ''
24-01-2021 14:50:24.222 INFO  [restartedMain] com.example.student_manager.StudentManagerApplication - Started StudentManagerApplication in 2.297 seconds (JVM running for 2.708)
24-01-2021 14:50:27.182 INFO  [http-nio-8080-exec-1] org.apache.catalina.core.ContainerBase.[Tomcat].[localhost].[/] - Initializing Spring DispatcherServlet 'dispatcherServlet'
24-01-2021 14:50:27.183 INFO  [http-nio-8080-exec-1] org.springframework.web.servlet.DispatcherServlet - Initializing Servlet 'dispatcherServlet'
24-01-2021 14:50:27.184 INFO  [http-nio-8080-exec-1] org.springframework.web.servlet.DispatcherServlet - Completed initialization in 1 ms
